<?xml version="1.0" encoding="UTF-8"?>
<!-- Generated by org.testng.reporters.JUnitReportReporter -->
<testsuite hostname="ojt26-PC" name="DriverFactory.DriverScript" tests="1" failures="0" timestamp="9 Jan 2020 12:42:28 GMT" time="62.257" errors="0">
  <testcase name="ERP_Account" time="62.257" classname="DriverFactory.DriverScript"/>
</testsuite> <!-- DriverFactory.DriverScript -->
